<?xml version="1.0" encoding="UTF-8" standalone="no"?>
<!DOCTYPE log SYSTEM "logger.dtd">
<log>
<record>
  <date>2018-10-17T19:43:40</date>
  <millis>1539816220360</millis>
  <sequence>0</sequence>
  <logger>MySQLAccess</logger>
  <level>CONFIG</level>
  <class>Assignment2</class>
  <method>main</method>
  <thread>1</thread>
  <message>Log Configuration Done</message>
</record>
<record>
  <date>2018-10-17T19:43:58</date>
  <millis>1539816238962</millis>
  <sequence>1</sequence>
  <logger>MySQLAccess</logger>
  <level>FINEST</level>
  <class>Assignment2</class>
  <method>main</method>
  <thread>1</thread>
  <message>Record Deleted</message>
</record>
</log>
