<?xml version="1.0" encoding="UTF-8" standalone="no"?>
<!DOCTYPE log SYSTEM "logger.dtd">
<log>
<record>
  <date>2018-10-17T17:15:44</date>
  <millis>1539807344758</millis>
  <sequence>0</sequence>
  <logger>MySQLAccess</logger>
  <level>CONFIG</level>
  <class>Assignment2</class>
  <method>main</method>
  <thread>1</thread>
  <message>Log Configuration Done</message>
</record>
<record>
  <date>2018-10-18T10:55:08</date>
  <millis>1539870908404</millis>
  <sequence>1</sequence>
  <logger>MySQLAccess</logger>
  <level>FINEST</level>
  <class>Assignment2</class>
  <method>main</method>
  <thread>1</thread>
  <message>Buffered Reader Exception thrown</message>
  <exception>
    <message>java.util.NoSuchElementException</message>
    <frame>
      <class>java.util.Scanner</class>
      <method>throwFor</method>
      <line>862</line>
    </frame>
    <frame>
      <class>java.util.Scanner</class>
      <method>next</method>
      <line>1371</line>
    </frame>
    <frame>
      <class>Assignment2</class>
      <method>main</method>
      <line>49</line>
    </frame>
  </exception>
</record>
</log>
